<?xml version='1.0' encoding='UTF-8'?>
<testsuite hostname="Jethros-MacBook-Pro.local" name="FizzBuzzTest" tests="5" errors="0" failures="0" skipped="0" time="0.017" timestamp="2019-03-28T10:46:30">
                     <properties>
[...]
</properties>
                     <testcase classname="FizzBuzzTest" name="#filter returns number" time="0.014">
                                                 
                                               </testcase><testcase classname="FizzBuzzTest" name="#filter returns fizz instead of 3" time="0.001">
                                                 
                                               </testcase><testcase classname="FizzBuzzTest" name="#filter returns fizz instead of multiples of 3" time="0.001">
                                                 
                                               </testcase><testcase classname="FizzBuzzTest" name="#filter returns fizz instead of multiples of 3 (30)" time="0.0">
                                                 
                                               </testcase><testcase classname="FizzBuzzTest" name="#filter returns fizz instead 5" time="0.001">
                                                 
                                               </testcase>
                     <system-out><![CDATA[]]></system-out>
                     <system-err><![CDATA[]]></system-err>
                   </testsuite>